mode: atomic
app/base/core/config.go:13.21,17.2 3 2
app/base/core/config.go:19.29,22.2 2 2
app/base/core/gintesting.go:8.54,10.2 1 3
app/base/core/gintesting.go:12.98,18.2 5 3
app/base/core/gintesting.go:20.75,22.2 1 3
app/base/core/gintesting.go:24.91,26.2 1 0
app/base/core/probes.go:9.31,11.2 1 1
app/base/core/probes.go:13.32,15.16 2 2
app/base/core/probes.go:19.2,19.29 1 1
app/base/core/probes.go:15.16,18.3 2 1
app/base/core/probes.go:22.34,26.2 2 0
app/base/database/query.go:28.42,31.16 2 3
app/base/database/query.go:34.2,35.26 2 2
app/base/database/query.go:38.2,38.35 1 2
app/base/database/query.go:31.16,32.13 1 1
app/base/database/query.go:35.26,37.3 1 16
app/base/database/query.go:41.56,42.18 1 56
app/base/database/query.go:43.22,44.52 1 12
app/base/database/query.go:47.20,48.52 1 6
app/base/database/query.go:51.21,52.14 1 12
app/base/database/query.go:53.21,54.14 1 12
app/base/database/query.go:55.19,56.52 1 18
app/base/database/query.go:59.19,60.33 1 7
app/base/database/query.go:61.22,62.50 1 13
app/base/database/query.go:67.3,67.14 1 1
app/base/database/query.go:68.10,69.57 1 1
app/base/database/query.go:44.52,46.4 1 0
app/base/database/query.go:48.52,50.4 1 0
app/base/database/query.go:56.52,58.4 1 0
app/base/database/query.go:62.50,63.53 1 12
app/base/database/query.go:63.53,65.5 1 0
app/base/database/query.go:73.68,74.32 1 16
app/base/database/query.go:77.2,79.36 3 13
app/base/database/query.go:121.2,121.27 1 12
app/base/database/query.go:74.32,76.3 1 3
app/base/database/query.go:79.36,82.77 2 55
app/base/database/query.go:82.77,84.18 2 6
app/base/database/query.go:87.4,88.29 2 6
app/base/database/query.go:84.18,86.5 1 0
app/base/database/query.go:88.29,90.5 1 6
app/base/database/query.go:91.9,93.50 2 49
app/base/database/query.go:100.4,101.18 2 49
app/base/database/query.go:105.4,105.51 1 48
app/base/database/query.go:118.4,118.43 1 48
app/base/database/query.go:93.50,95.23 2 18
app/base/database/query.go:95.23,97.6 1 18
app/base/database/query.go:101.18,103.5 1 1
app/base/database/query.go:105.51,110.5 1 30
app/base/database/query.go:110.10,116.5 1 18
app/base/database/query.go:124.62,126.32 2 11
app/base/database/query.go:131.2,131.45 1 1
app/base/database/query.go:126.32,128.3 1 5
app/base/database/query.go:128.8,128.65 1 6
app/base/database/query.go:128.65,130.3 1 5
app/base/database/query.go:134.47,136.16 2 2
app/base/database/query.go:139.2,139.12 1 1
app/base/database/query.go:136.16,137.13 1 1
app/base/database/setup.go:17.18,21.2 3 7
app/base/database/setup.go:40.58,43.16 3 7
app/base/database/setup.go:47.2,50.11 4 7
app/base/database/setup.go:43.16,44.13 1 0
app/base/database/setup.go:54.25,56.16 2 7
app/base/database/setup.go:56.16,57.13 1 0
app/base/database/setup.go:62.50,64.16 2 7
app/base/database/setup.go:68.2,81.16 2 7
app/base/database/setup.go:64.16,65.13 1 0
app/base/database/setup.go:85.56,89.2 1 7
app/base/database/testing.go:12.52,15.16 3 0
app/base/database/testing.go:19.2,19.17 1 0
app/base/database/testing.go:15.16,17.3 1 0
app/base/database/testing.go:19.17,21.3 1 0
app/base/database/testing.go:36.42,43.16 5 0
app/base/database/testing.go:46.2,55.16 3 0
app/base/database/testing.go:59.2,62.26 3 0
app/base/database/testing.go:65.2,65.29 1 0
app/base/database/testing.go:69.2,69.39 1 0
app/base/database/testing.go:79.2,79.41 1 0
app/base/database/testing.go:88.2,90.19 3 0
app/base/database/testing.go:43.16,45.3 1 0
app/base/database/testing.go:55.16,57.3 1 0
app/base/database/testing.go:62.26,64.3 1 0
app/base/database/testing.go:65.29,67.3 1 0
app/base/database/testing.go:69.39,72.31 2 0
app/base/database/testing.go:72.31,76.4 2 0
app/base/database/testing.go:79.41,82.31 2 0
app/base/database/testing.go:82.31,86.4 2 0
app/base/database/testing.go:93.37,97.2 3 0
app/base/database/testing.go:99.67,105.45 6 0
app/base/database/testing.go:108.2,108.12 1 0
app/base/database/testing.go:105.45,107.3 1 0
app/base/database/testing.go:111.43,117.2 5 0
app/base/database/testing.go:120.19,132.2 11 0
app/base/database/testing.go:134.104,141.43 5 0
app/base/database/testing.go:145.2,145.98 1 0
app/base/database/testing.go:141.43,143.3 1 0
app/base/database/utils.go:5.51,7.2 1 0
app/base/database/utils.go:9.60,13.2 1 0
app/base/database/utils.go:15.63,19.2 1 0
app/base/database/utils.go:21.58,26.2 1 0
app/base/database/utils.go:28.37,34.2 1 0
app/base/database/utils.go:36.58,38.2 1 0
app/base/database/utils.go:40.93,42.2 1 0
app/base/database/utils.go:44.80,47.2 2 0
app/base/database/utils.go:49.65,54.2 2 0
app/base/database/batch.go:22.57,23.53 1 3
app/base/database/batch.go:27.2,29.33 2 3
app/base/database/batch.go:23.53,25.3 1 0
app/base/database/batch.go:34.77,37.53 2 1
app/base/database/batch.go:42.2,44.6 2 1
app/base/database/batch.go:65.2,65.24 1 1
app/base/database/batch.go:69.2,69.12 1 1
app/base/database/batch.go:37.53,39.3 1 0
app/base/database/batch.go:44.6,47.36 2 4
app/base/database/batch.go:55.3,55.52 1 4
app/base/database/batch.go:60.3,60.27 1 4
app/base/database/batch.go:47.36,50.4 2 1
app/base/database/batch.go:50.9,53.4 2 3
app/base/database/batch.go:55.52,57.4 1 0
app/base/database/batch.go:60.27,61.9 1 1
app/base/database/batch.go:65.24,67.3 1 0
app/base/database/batch.go:73.57,75.16 2 7
app/base/database/batch.go:80.2,80.18 1 7
app/base/database/batch.go:84.2,86.16 2 7
app/base/database/batch.go:89.2,91.53 2 7
app/base/database/batch.go:99.2,99.12 1 7
app/base/database/batch.go:75.16,77.3 1 0
app/base/database/batch.go:80.18,82.3 1 0
app/base/database/batch.go:86.16,88.3 1 0
app/base/database/batch.go:91.53,95.17 3 28
app/base/database/batch.go:95.17,97.4 1 0
app/base/database/batch.go:102.80,103.23 1 7
app/base/database/batch.go:108.2,117.15 4 7
app/base/database/batch.go:123.2,124.16 2 7
app/base/database/batch.go:128.2,135.29 3 7
app/base/database/batch.go:139.2,140.37 2 7
app/base/database/batch.go:156.2,158.19 2 7
app/base/database/batch.go:103.23,105.3 1 0
app/base/database/batch.go:117.15,119.3 1 7
app/base/database/batch.go:124.16,126.3 1 0
app/base/database/batch.go:135.29,137.3 1 19
app/base/database/batch.go:140.37,145.17 3 28
app/base/database/batch.go:149.3,149.35 1 28
app/base/database/batch.go:153.3,153.68 1 28
app/base/database/batch.go:145.17,147.4 1 0
app/base/database/batch.go:149.35,151.4 1 70
app/base/database/batch.go:161.97,164.35 3 7
app/base/database/batch.go:175.2,175.34 1 7
app/base/database/batch.go:164.35,174.3 3 19
app/base/database/batch.go:178.66,183.61 2 7
app/base/database/batch.go:189.2,195.4 1 7
app/base/database/batch.go:183.61,186.3 1 1
app/base/database/batch.go:200.70,206.30 4 35
app/base/database/batch.go:211.2,211.33 1 35
app/base/database/batch.go:215.2,215.18 1 35
app/base/database/batch.go:219.2,219.62 1 35
app/base/database/batch.go:259.2,259.24 1 35
app/base/database/batch.go:206.30,209.3 2 0
app/base/database/batch.go:211.33,213.3 1 0
app/base/database/batch.go:215.18,217.3 1 0
app/base/database/batch.go:219.62,222.20 2 105
app/base/database/batch.go:226.3,226.44 1 105
app/base/database/batch.go:230.3,230.22 1 105
app/base/database/batch.go:237.3,237.57 1 105
app/base/database/batch.go:245.3,245.66 1 105
app/base/database/batch.go:249.3,249.75 1 89
app/base/database/batch.go:256.3,256.53 1 89
app/base/database/batch.go:222.20,223.12 1 0
app/base/database/batch.go:226.44,227.12 1 0
app/base/database/batch.go:230.22,231.12 1 0
app/base/database/batch.go:237.57,238.52 1 0
app/base/database/batch.go:238.52,239.13 1 0
app/base/database/batch.go:245.66,246.12 1 16
app/base/database/batch.go:249.75,250.21 1 0
app/base/database/batch.go:250.21,252.13 2 0
app/base/database/database.go:10.79,12.2 1 3
app/base/database/database.go:15.87,17.31 2 3
app/base/database/database.go:20.2,20.57 1 3
app/base/database/database.go:17.31,19.3 1 6
app/base/database/database.go:28.89,31.32 3 3
app/base/database/database.go:35.2,36.18 2 3
app/base/database/database.go:40.2,40.11 1 0
app/base/database/database.go:31.32,34.3 2 6
app/base/database/database.go:36.18,39.3 2 3
app/base/mqueue/metrics.go:12.40,14.2 1 0
app/base/mqueue/metrics.go:16.41,18.2 1 0
app/base/mqueue/metrics.go:22.27,22.28 0 2
app/base/mqueue/mqueue.go:36.41,54.2 7 1
app/base/mqueue/mqueue.go:56.41,72.2 4 1
app/base/mqueue/mqueue.go:74.78,75.20 1 2
app/base/mqueue/mqueue.go:79.2,79.46 1 2
app/base/mqueue/mqueue.go:86.2,86.11 1 2
app/base/mqueue/mqueue.go:75.20,76.35 1 0
app/base/mqueue/mqueue.go:79.46,82.54 3 2
app/base/mqueue/mqueue.go:82.54,84.4 1 0
app/base/mqueue/mqueue.go:91.65,92.43 1 1
app/base/mqueue/mqueue.go:92.43,98.38 5 1
app/base/mqueue/mqueue.go:105.3,105.13 1 0
app/base/mqueue/mqueue.go:98.38,99.42 1 1
app/base/mqueue/mqueue.go:102.4,103.13 2 0
app/base/mqueue/mqueue.go:99.42,101.5 1 1
app/base/mqueue/mqueue.go:109.61,110.6 1 1
app/base/mqueue/mqueue.go:110.6,112.17 2 2
app/base/mqueue/mqueue.go:120.3,120.35 1 1
app/base/mqueue/mqueue.go:123.3,124.17 2 1
app/base/mqueue/mqueue.go:112.17,113.41 1 0
app/base/mqueue/mqueue.go:116.4,117.14 2 0
app/base/mqueue/mqueue.go:113.41,114.10 1 0
app/base/mqueue/mqueue.go:120.35,122.4 1 0
app/base/mqueue/mqueue.go:124.17,125.41 1 0
app/base/mqueue/mqueue.go:128.4,129.14 2 0
app/base/mqueue/mqueue.go:125.41,126.10 1 0
app/base/mqueue/mqueue.go:136.104,142.2 5 1
app/base/mqueue/mqueue.go:144.106,147.2 2 1
app/base/mqueue/testing.go:5.56,5.57 0 1
app/base/mqueue/testing.go:6.55,6.69 1 1
app/base/mqueue/testing.go:9.53,10.31 1 1
app/base/mqueue/testing.go:10.31,14.3 3 1
app/base/mqueue/encryption.go:13.52,15.21 2 2
app/base/mqueue/encryption.go:19.2,21.25 3 2
app/base/mqueue/encryption.go:25.2,30.15 2 2
app/base/mqueue/encryption.go:15.21,17.3 1 0
app/base/mqueue/encryption.go:21.25,23.3 1 2
app/base/mqueue/encryption.go:33.43,36.16 3 2
app/base/mqueue/encryption.go:40.2,44.19 4 2
app/base/mqueue/encryption.go:36.16,37.13 1 0
app/base/mqueue/event.go:32.67,33.37 1 5
app/base/mqueue/event.go:33.37,37.17 3 4
app/base/mqueue/event.go:41.3,41.29 1 4
app/base/mqueue/event.go:37.17,40.4 2 0
app/base/mqueue/event.go:46.80,48.28 2 1
app/base/mqueue/event.go:55.2,55.38 1 1
app/base/mqueue/event.go:48.28,50.17 2 1
app/base/mqueue/event.go:53.3,53.39 1 1
app/base/mqueue/event.go:50.17,52.4 1 0
app/base/mqueue/message.go:8.70,15.2 5 0
app/base/utils/core.go:14.42,15.40 1 4
app/base/utils/core.go:18.2,18.17 1 0
app/base/utils/core.go:15.40,17.3 1 4
app/base/utils/core.go:22.42,24.17 2 0
app/base/utils/core.go:28.2,28.14 1 0
app/base/utils/core.go:24.17,25.54 1 0
app/base/utils/core.go:32.44,34.17 2 0
app/base/utils/core.go:38.2,39.16 2 0
app/base/utils/core.go:43.2,43.19 1 0
app/base/utils/core.go:34.17,35.54 1 0
app/base/utils/core.go:39.16,40.13 1 0
app/base/utils/core.go:47.60,49.17 2 0
app/base/utils/core.go:53.2,54.16 2 0
app/base/utils/core.go:58.2,58.19 1 0
app/base/utils/core.go:49.17,51.3 1 0
app/base/utils/core.go:54.16,55.13 1 0
app/base/utils/core.go:62.42,64.20 2 0
app/base/utils/core.go:68.2,69.16 2 0
app/base/utils/core.go:73.2,73.14 1 0
app/base/utils/core.go:64.20,65.54 1 0
app/base/utils/core.go:69.16,70.84 1 0
app/base/utils/core.go:77.57,79.20 2 0
app/base/utils/core.go:83.2,84.16 2 0
app/base/utils/core.go:88.2,88.14 1 0
app/base/utils/core.go:79.20,81.3 1 0
app/base/utils/core.go:84.16,85.84 1 0
app/base/utils/core.go:92.49,94.16 2 0
app/base/utils/core.go:98.2,98.14 1 0
app/base/utils/core.go:94.16,95.13 1 0
app/base/utils/core.go:101.35,104.26 2 0
app/base/utils/core.go:107.2,111.16 4 0
app/base/utils/core.go:104.26,106.3 1 0
app/base/utils/core.go:111.16,113.3 1 0
app/base/utils/core.go:117.39,118.34 1 1
app/base/utils/core.go:118.34,123.23 5 1
app/base/utils/core.go:123.23,125.4 1 0
app/base/utils/http.go:10.60,12.21 2 0
app/base/utils/http.go:15.2,15.16 1 0
app/base/utils/http.go:12.21,14.3 1 0
app/base/utils/log.go:12.25,18.21 6 4
app/base/utils/log.go:21.2,21.29 1 4
app/base/utils/log.go:18.21,20.3 1 2
app/base/utils/log.go:26.42,29.18 3 4
app/base/utils/log.go:36.2,36.31 1 4
app/base/utils/log.go:29.18,31.3 1 1
app/base/utils/log.go:31.8,32.33 1 3
app/base/utils/log.go:32.33,34.4 1 4
app/base/utils/log.go:40.47,42.16 2 4
app/base/utils/log.go:45.2,45.14 1 4
app/base/utils/log.go:42.16,43.58 1 0
app/base/utils/log.go:49.35,52.2 2 4
app/base/utils/log.go:55.25,64.2 1 2
app/base/utils/metrics.go:8.77,10.2 1 0
app/base/utils/metrics.go:12.75,14.2 1 0
app/base/utils/rpm.go:16.13,18.48 2 1
app/base/utils/rpm.go:18.48,19.27 1 9
app/base/utils/rpm.go:19.27,21.4 1 6
app/base/utils/rpm.go:33.47,36.22 2 3
app/base/utils/rpm.go:39.2,41.21 3 3
app/base/utils/rpm.go:52.2,59.18 2 3
app/base/utils/rpm.go:36.22,38.3 1 0
app/base/utils/rpm.go:41.21,43.17 2 0
app/base/utils/rpm.go:43.17,45.4 1 0
app/base/utils/rpm.go:46.8,46.28 1 3
app/base/utils/rpm.go:46.28,48.17 2 1
app/base/utils/rpm.go:48.17,50.4 1 0
app/base/utils/rpm.go:62.55,64.2 1 0
app/base/utils/rpm.go:66.32,67.18 1 0
app/base/utils/rpm.go:70.2,70.73 1 0
app/base/utils/rpm.go:67.18,69.3 1 0
app/base/utils/rpm.go:73.35,74.18 1 0
app/base/utils/rpm.go:77.2,77.51 1 0
app/base/utils/rpm.go:74.18,76.3 1 0
app/base/utils/rpm.go:80.36,81.18 1 0
app/base/utils/rpm.go:84.2,84.62 1 0
app/base/utils/rpm.go:81.18,83.3 1 0
app/base/utils/awscloudwatch.go:19.34,21.15 2 4
app/base/utils/awscloudwatch.go:26.2,31.16 5 0
app/base/utils/awscloudwatch.go:36.2,48.16 5 0
app/base/utils/awscloudwatch.go:52.2,53.43 2 0
app/base/utils/awscloudwatch.go:21.15,24.3 2 4
app/base/utils/awscloudwatch.go:31.16,34.3 2 0
app/base/utils/awscloudwatch.go:48.16,51.3 2 0
app/base/utils/awscloudwatch.go:56.18,57.17 1 1
app/base/utils/awscloudwatch.go:57.17,59.3 1 0
app/base/utils/gin.go:11.92,13.11 2 0
app/base/utils/gin.go:18.2,18.20 1 0
app/base/utils/gin.go:22.2,23.16 2 0
app/base/utils/gin.go:27.2,27.19 1 0
app/base/utils/gin.go:13.11,15.3 1 0
app/base/utils/gin.go:15.8,17.3 1 0
app/base/utils/gin.go:18.20,20.3 1 0
app/base/utils/gin.go:23.16,25.3 1 0
app/base/utils/gin.go:30.74,32.16 2 0
app/base/utils/gin.go:36.2,36.16 1 0
app/base/utils/gin.go:40.2,41.16 2 0
app/base/utils/gin.go:45.2,45.30 1 0
app/base/utils/gin.go:49.2,49.27 1 0
app/base/utils/gin.go:32.16,34.3 1 0
app/base/utils/gin.go:36.16,38.3 1 0
app/base/utils/gin.go:41.16,43.3 1 0
app/base/utils/gin.go:45.30,47.3 1 0
app/base/utils/gin.go:56.78,58.12 2 1
app/base/utils/gin.go:68.2,69.47 2 1
app/base/utils/gin.go:72.2,72.12 1 1
app/base/utils/gin.go:58.12,61.17 3 1
app/base/utils/gin.go:65.3,65.43 1 1
app/base/utils/gin.go:61.17,64.4 2 0
app/base/utils/gin.go:69.47,71.3 1 0
app/base/utils/identity.go:9.71,13.16 3 1
app/base/utils/identity.go:16.2,17.16 2 1
app/base/utils/identity.go:20.2,20.29 1 1
app/base/utils/identity.go:13.16,15.3 1 0
app/base/utils/identity.go:17.16,19.3 1 0
app/base/utils/testing.go:13.34,14.41 1 0
app/base/utils/testing.go:14.41,16.3 1 0
app/base/utils/testing.go:19.40,20.38 1 0
app/base/utils/testing.go:20.38,22.3 1 0
app/base/utils/testing.go:30.44,32.2 1 4
app/base/utils/testing.go:34.52,37.2 2 20
app/base/utils/testing.go:39.62,40.29 1 4
app/base/utils/testing.go:44.2,44.51 1 4
app/base/utils/testing.go:40.29,43.3 1 4
app/base/utils/testing.go:51.87,54.2 2 0
app/base/utils/testing.go:56.76,57.41 1 1
app/base/utils/testing.go:63.2,63.31 1 1
app/base/utils/testing.go:57.41,59.20 2 1
app/base/utils/testing.go:59.20,60.9 1 1
app/docs/docs.go:7.40,11.2 3 0
app/docs/docs.go:13.28,15.2 1 0
app/evaluator/evaluate.go:41.18,63.2 17 4
app/evaluator/evaluate.go:67.31,70.18 3 1
app/evaluator/evaluate.go:76.2,81.16 4 1
app/evaluator/evaluate.go:86.2,86.41 1 1
app/evaluator/evaluate.go:91.2,91.105 1 1
app/evaluator/evaluate.go:96.2,97.16 2 1
app/evaluator/evaluate.go:102.2,102.38 1 1
app/evaluator/evaluate.go:107.2,108.16 2 1
app/evaluator/evaluate.go:113.2,114.16 2 1
app/evaluator/evaluate.go:118.2,119.16 2 1
app/evaluator/evaluate.go:124.2,125.16 2 1
app/evaluator/evaluate.go:130.2,131.12 2 1
app/evaluator/evaluate.go:70.18,74.3 3 0
app/evaluator/evaluate.go:81.16,84.3 2 0
app/evaluator/evaluate.go:86.41,89.3 2 0
app/evaluator/evaluate.go:91.105,94.3 2 0
app/evaluator/evaluate.go:97.16,100.3 2 0
app/evaluator/evaluate.go:102.38,105.3 2 0
app/evaluator/evaluate.go:108.16,111.3 2 0
app/evaluator/evaluate.go:114.16,116.3 1 0
app/evaluator/evaluate.go:119.16,122.3 2 0
app/evaluator/evaluate.go:125.16,128.3 2 0
app/evaluator/evaluate.go:134.43,139.16 4 1
app/evaluator/evaluate.go:142.2,142.12 1 1
app/evaluator/evaluate.go:139.16,141.3 1 0
app/evaluator/evaluate.go:145.108,147.16 2 1
app/evaluator/evaluate.go:151.2,152.16 2 1
app/evaluator/evaluate.go:156.2,157.16 2 1
app/evaluator/evaluate.go:161.2,162.16 2 1
app/evaluator/evaluate.go:166.2,166.12 1 1
app/evaluator/evaluate.go:147.16,149.3 1 0
app/evaluator/evaluate.go:152.16,154.3 1 0
app/evaluator/evaluate.go:157.16,159.3 1 0
app/evaluator/evaluate.go:162.16,165.3 2 0
app/evaluator/evaluate.go:170.28,171.29 1 1
app/evaluator/evaluate.go:176.2,177.16 2 1
app/evaluator/evaluate.go:182.2,183.16 2 1
app/evaluator/evaluate.go:187.2,187.33 1 1
app/evaluator/evaluate.go:171.29,174.3 2 0
app/evaluator/evaluate.go:177.16,180.3 2 0
app/evaluator/evaluate.go:183.16,186.3 2 0
app/evaluator/evaluate.go:191.43,192.28 1 1
app/evaluator/evaluate.go:197.2,198.16 2 1
app/evaluator/evaluate.go:202.2,203.16 2 1
app/evaluator/evaluate.go:207.2,207.34 1 1
app/evaluator/evaluate.go:192.28,195.3 2 0
app/evaluator/evaluate.go:198.16,201.3 2 0
app/evaluator/evaluate.go:203.16,206.3 2 0
app/evaluator/evaluate.go:211.30,212.25 1 1
app/evaluator/evaluate.go:219.2,220.16 2 1
app/evaluator/evaluate.go:223.2,224.24 2 1
app/evaluator/evaluate.go:212.25,215.3 2 0
app/evaluator/evaluate.go:220.16,222.3 1 0
app/evaluator/evaluate.go:227.120,229.38 2 1
app/evaluator/evaluate.go:233.2,238.62 2 1
app/evaluator/evaluate.go:229.38,231.3 1 2
app/evaluator/evaluate.go:244.74,248.100 3 1
app/evaluator/evaluate.go:252.2,253.44 2 1
app/evaluator/evaluate.go:316.2,317.103 2 1
app/evaluator/evaluate.go:248.100,250.3 1 0
app/evaluator/evaluate.go:253.44,254.48 1 2
app/evaluator/evaluate.go:258.3,261.17 3 2
app/evaluator/evaluate.go:265.3,267.41 2 2
app/evaluator/evaluate.go:271.3,272.43 2 2
app/evaluator/evaluate.go:276.3,276.54 1 2
app/evaluator/evaluate.go:289.3,290.26 2 2
app/evaluator/evaluate.go:298.3,298.77 1 2
app/evaluator/evaluate.go:308.3,314.5 1 2
app/evaluator/evaluate.go:254.48,255.12 1 0
app/evaluator/evaluate.go:261.17,263.12 2 0
app/evaluator/evaluate.go:267.41,269.12 2 0
app/evaluator/evaluate.go:272.43,274.4 1 2
app/evaluator/evaluate.go:276.54,279.18 2 3
app/evaluator/evaluate.go:284.4,287.6 1 3
app/evaluator/evaluate.go:279.18,281.13 2 0
app/evaluator/evaluate.go:290.26,292.18 2 2
app/evaluator/evaluate.go:292.18,294.5 1 0
app/evaluator/evaluate.go:298.77,302.89 1 0
app/evaluator/evaluate.go:302.89,303.13 1 0
app/evaluator/evaluate.go:332.70,338.37 4 1
app/evaluator/evaluate.go:355.2,365.16 3 1
app/evaluator/evaluate.go:369.2,370.29 2 1
app/evaluator/evaluate.go:379.2,379.24 1 1
app/evaluator/evaluate.go:338.37,339.45 1 2
app/evaluator/evaluate.go:344.3,345.17 2 2
app/evaluator/evaluate.go:349.3,350.45 2 2
app/evaluator/evaluate.go:339.45,340.12 1 0
app/evaluator/evaluate.go:345.17,347.12 2 0
app/evaluator/evaluate.go:365.16,367.3 1 0
app/evaluator/evaluate.go:370.29,372.17 2 2
app/evaluator/evaluate.go:376.3,376.25 1 2
app/evaluator/evaluate.go:372.17,374.12 2 0
app/evaluator/evaluate.go:382.68,388.16 3 1
app/evaluator/evaluate.go:392.2,392.19 1 1
app/evaluator/evaluate.go:388.16,391.3 2 0
app/evaluator/evaluate.go:396.74,400.34 4 1
app/evaluator/evaluate.go:404.2,407.28 3 1
app/evaluator/evaluate.go:424.2,424.27 1 1
app/evaluator/evaluate.go:429.2,429.24 1 1
app/evaluator/evaluate.go:433.2,433.44 1 1
app/evaluator/evaluate.go:400.34,402.3 1 1
app/evaluator/evaluate.go:407.28,408.17 1 1
app/evaluator/evaluate.go:411.3,412.26 2 1
app/evaluator/evaluate.go:418.3,421.47 4 1
app/evaluator/evaluate.go:408.17,410.4 1 0
app/evaluator/evaluate.go:412.26,413.38 1 2
app/evaluator/evaluate.go:416.4,416.15 1 2
app/evaluator/evaluate.go:413.38,415.5 1 2
app/evaluator/evaluate.go:424.27,427.3 2 1
app/evaluator/evaluate.go:429.24,431.3 1 1
app/evaluator/evaluate.go:437.103,450.37 7 1
app/evaluator/evaluate.go:467.2,467.48 1 0
app/evaluator/evaluate.go:450.37,454.70 2 1
app/evaluator/evaluate.go:458.3,458.17 1 1
app/evaluator/evaluate.go:465.3,465.25 1 1
app/evaluator/evaluate.go:454.70,455.12 1 0
app/evaluator/evaluate.go:458.17,464.4 2 0
app/evaluator/evaluate.go:470.101,479.2 5 1
app/evaluator/evaluate.go:481.84,488.2 5 1
app/evaluator/evaluate.go:494.66,500.16 5 1
app/evaluator/evaluate.go:504.2,512.16 7 1
app/evaluator/evaluate.go:515.2,516.18 2 1
app/evaluator/evaluate.go:521.2,524.32 4 1
app/evaluator/evaluate.go:500.16,502.3 1 0
app/evaluator/evaluate.go:512.16,514.3 1 0
app/evaluator/evaluate.go:516.18,519.3 2 1
app/evaluator/evaluate.go:528.55,531.16 3 1
app/evaluator/evaluate.go:535.2,536.16 2 1
app/evaluator/evaluate.go:539.2,539.33 1 1
app/evaluator/evaluate.go:531.16,533.3 1 0
app/evaluator/evaluate.go:536.16,538.3 1 0
app/evaluator/evaluate.go:542.79,544.47 2 5
app/evaluator/evaluate.go:549.2,549.19 1 5
app/evaluator/evaluate.go:544.47,545.46 1 11
app/evaluator/evaluate.go:545.46,547.4 1 18
app/evaluator/evaluate.go:552.83,554.47 2 2
app/evaluator/evaluate.go:559.2,559.17 1 2
app/evaluator/evaluate.go:554.47,555.46 1 4
app/evaluator/evaluate.go:555.46,557.4 1 6
app/evaluator/evaluate.go:562.111,565.16 3 2
app/evaluator/evaluate.go:569.2,570.38 2 2
app/evaluator/evaluate.go:573.2,573.27 1 2
app/evaluator/evaluate.go:565.16,567.3 1 0
app/evaluator/evaluate.go:570.38,572.3 1 12
app/evaluator/evaluate.go:577.19,580.41 3 2
app/evaluator/evaluate.go:589.2,589.43 1 2
app/evaluator/evaluate.go:580.41,581.63 1 6
app/evaluator/evaluate.go:581.63,582.41 1 3
app/evaluator/evaluate.go:582.41,584.5 1 1
app/evaluator/evaluate.go:585.9,587.4 1 3
app/evaluator/evaluate.go:592.102,594.56 2 2
app/evaluator/evaluate.go:608.2,608.26 1 2
app/evaluator/evaluate.go:594.56,595.50 1 6
app/evaluator/evaluate.go:600.3,600.43 1 4
app/evaluator/evaluate.go:606.3,606.78 1 3
app/evaluator/evaluate.go:595.50,596.12 1 2
app/evaluator/evaluate.go:600.43,602.12 1 1
app/evaluator/evaluate.go:612.75,616.16 3 2
app/evaluator/evaluate.go:619.2,619.25 1 2
app/evaluator/evaluate.go:616.16,618.3 1 0
app/evaluator/evaluate.go:622.98,624.41 2 2
app/evaluator/evaluate.go:629.2,631.12 3 2
app/evaluator/evaluate.go:624.41,627.3 1 4
app/evaluator/evaluate.go:634.106,643.2 3 3
app/evaluator/evaluate.go:645.112,648.18 2 3
app/evaluator/evaluate.go:652.2,652.31 1 3
app/evaluator/evaluate.go:660.2,660.29 1 3
app/evaluator/evaluate.go:668.2,669.29 2 3
app/evaluator/evaluate.go:672.2,672.15 1 3
app/evaluator/evaluate.go:648.18,650.3 1 0
app/evaluator/evaluate.go:652.31,658.3 1 4
app/evaluator/evaluate.go:660.29,666.3 1 5
app/evaluator/evaluate.go:669.29,671.3 1 9
app/evaluator/evaluate.go:675.91,681.2 2 1
app/evaluator/evaluate.go:684.55,687.16 2 1
app/evaluator/evaluate.go:691.2,692.16 2 1
app/evaluator/evaluate.go:696.2,701.16 4 1
app/evaluator/evaluate.go:705.2,705.26 1 1
app/evaluator/evaluate.go:708.2,708.33 1 1
app/evaluator/evaluate.go:687.16,689.3 1 0
app/evaluator/evaluate.go:692.16,694.3 1 0
app/evaluator/evaluate.go:701.16,703.3 1 0
app/evaluator/evaluate.go:705.26,707.3 1 2
app/evaluator/evaluate.go:711.109,713.16 2 3
app/evaluator/evaluate.go:717.2,721.51 3 3
app/evaluator/evaluate.go:713.16,715.3 1 0
app/evaluator/evaluate.go:724.56,726.16 2 1
app/evaluator/evaluate.go:731.2,732.12 2 1
app/evaluator/evaluate.go:726.16,730.3 2 0
app/evaluator/evaluate.go:735.65,744.37 5 1
app/evaluator/evaluate.go:744.37,746.3 1 8
app/evaluator/evaluate.go:749.21,754.2 4 0
app/evaluator/metrics.go:58.30,68.16 6 1
app/evaluator/metrics.go:68.16,70.13 2 0
app/evaluator/remediations.go:15.13,16.66 1 1
app/evaluator/remediations.go:16.66,18.3 1 0
app/evaluator/remediations.go:26.97,32.28 6 2
app/evaluator/remediations.go:35.2,35.26 1 2
app/evaluator/remediations.go:38.2,39.15 2 2
app/evaluator/remediations.go:32.28,34.3 1 6
app/evaluator/remediations.go:35.26,37.3 1 6
app/evaluator/remediations.go:42.82,43.34 1 1
app/evaluator/remediations.go:46.2,48.16 3 1
app/evaluator/remediations.go:51.2,51.63 1 1
app/evaluator/remediations.go:43.34,45.3 1 0
app/evaluator/remediations.go:48.16,50.3 1 0
app/listener/metrics.go:57.19,66.16 6 1
app/listener/metrics.go:66.16,68.13 2 0
app/listener/upload.go:62.42,68.57 4 8
app/listener/upload.go:74.2,74.34 1 7
app/listener/upload.go:80.2,80.58 1 6
app/listener/upload.go:86.2,88.16 2 5
app/listener/upload.go:95.2,95.16 1 5
app/listener/upload.go:100.2,100.60 1 4
app/listener/upload.go:107.2,111.16 4 3
app/listener/upload.go:116.2,118.12 3 2
app/listener/upload.go:68.57,72.3 3 1
app/listener/upload.go:74.34,78.3 3 1
app/listener/upload.go:80.58,84.3 3 1
app/listener/upload.go:88.16,92.3 3 0
app/listener/upload.go:95.16,98.3 2 1
app/listener/upload.go:100.60,101.53 1 1
app/listener/upload.go:101.53,105.4 3 1
app/listener/upload.go:111.16,114.3 2 1
app/listener/upload.go:121.45,122.43 1 8
app/listener/upload.go:122.43,124.3 1 8
app/listener/upload.go:124.8,127.3 2 0
app/listener/upload.go:131.54,137.23 3 11
app/listener/upload.go:140.2,141.26 2 5
app/listener/upload.go:137.23,139.3 1 6
app/listener/upload.go:147.70,149.16 2 6
app/listener/upload.go:153.2,169.59 7 6
app/listener/upload.go:173.2,201.69 7 6
app/listener/upload.go:206.2,207.43 1 6
app/listener/upload.go:211.2,211.23 1 6
app/listener/upload.go:222.2,226.29 2 6
app/listener/upload.go:149.16,151.3 1 0
app/listener/upload.go:169.59,171.3 1 1
app/listener/upload.go:201.69,204.3 2 5
app/listener/upload.go:207.43,209.3 1 0
app/listener/upload.go:211.23,215.17 2 5
app/listener/upload.go:215.17,219.4 2 0
app/listener/upload.go:229.42,230.44 1 6
app/listener/upload.go:233.2,234.12 2 0
app/listener/upload.go:230.44,232.3 1 6
app/listener/upload.go:238.36,240.16 2 5
app/listener/upload.go:244.2,245.16 2 5
app/listener/upload.go:248.2,248.56 1 5
app/listener/upload.go:240.16,242.3 1 0
app/listener/upload.go:245.16,247.3 1 0
app/listener/upload.go:251.91,253.29 2 7
app/listener/upload.go:257.2,259.16 3 7
app/listener/upload.go:262.2,267.16 4 7
app/listener/upload.go:271.2,271.28 1 7
app/listener/upload.go:253.29,255.3 1 15
app/listener/upload.go:259.16,261.3 1 0
app/listener/upload.go:267.16,269.3 1 0
app/listener/upload.go:275.43,277.33 2 7
app/listener/upload.go:281.2,283.16 3 7
app/listener/upload.go:286.2,289.16 3 7
app/listener/upload.go:293.2,293.30 1 7
app/listener/upload.go:277.33,279.3 1 12
app/listener/upload.go:283.16,285.3 1 0
app/listener/upload.go:289.16,291.3 1 0
app/listener/upload.go:296.116,299.22 3 7
app/listener/upload.go:308.2,308.16 1 7
app/listener/upload.go:311.2,311.30 1 7
app/listener/upload.go:299.22,303.3 1 6
app/listener/upload.go:303.8,307.3 1 1
app/listener/upload.go:308.16,310.3 1 0
app/listener/upload.go:314.70,316.43 2 5
app/listener/upload.go:326.2,326.14 1 5
app/listener/upload.go:316.43,317.40 1 5
app/listener/upload.go:322.3,322.16 1 5
app/listener/upload.go:317.40,319.12 2 0
app/listener/upload.go:322.16,324.4 1 5
app/listener/upload.go:329.97,331.55 2 5
app/listener/upload.go:340.2,340.16 1 5
app/listener/upload.go:331.55,333.46 2 5
app/listener/upload.go:333.46,338.4 1 5
app/listener/upload.go:344.80,347.16 2 5
app/listener/upload.go:351.2,367.36 6 5
app/listener/upload.go:372.2,372.96 1 5
app/listener/upload.go:376.2,377.16 2 4
app/listener/upload.go:380.2,381.16 2 4
app/listener/upload.go:384.2,384.17 1 4
app/listener/upload.go:347.16,349.3 1 0
app/listener/upload.go:367.36,369.3 1 0
app/listener/upload.go:372.96,375.3 2 1
app/listener/upload.go:377.16,379.3 1 0
app/listener/upload.go:381.16,383.3 1 0
app/listener/events.go:21.50,23.58 2 2
app/listener/events.go:28.2,28.28 1 2
app/listener/events.go:34.2,34.18 1 1
app/listener/events.go:40.2,40.25 1 1
app/listener/events.go:23.58,27.3 2 0
app/listener/events.go:28.28,32.3 3 1
app/listener/events.go:34.18,38.3 3 0
app/listener/events.go:41.16,43.57 2 0
app/listener/events.go:47.3,47.29 1 0
app/listener/events.go:48.17,49.14 1 0
app/listener/events.go:50.17,52.57 2 0
app/listener/events.go:56.3,56.29 1 0
app/listener/events.go:57.10,59.13 2 1
app/listener/events.go:43.57,46.4 1 0
app/listener/events.go:52.57,55.4 1 0
app/listener/events.go:63.53,73.16 4 2
app/listener/events.go:79.2,81.16 3 2
app/listener/events.go:87.2,87.29 1 2
app/listener/events.go:93.2,98.52 4 1
app/listener/events.go:102.2,102.12 1 1
app/listener/events.go:73.16,77.3 3 0
app/listener/events.go:81.16,85.3 3 0
app/listener/events.go:87.29,91.3 3 1
app/listener/events.go:98.52,101.3 2 0
app/listener/listener.go:23.18,37.2 8 12
app/listener/listener.go:39.46,43.24 4 12
app/listener/listener.go:46.2,46.26 1 12
app/listener/listener.go:43.24,45.3 1 12
app/listener/listener.go:49.42,53.37 4 13
app/listener/listener.go:56.2,56.21 1 13
app/listener/listener.go:53.37,55.3 1 39
app/listener/listener.go:59.72,69.37 4 1
app/listener/listener.go:69.37,71.3 1 8
app/listener/listener.go:74.20,79.2 4 0
app/manager/controllers/advisory_systems.go:46.49,50.24 3 24
app/manager/controllers/advisory_systems.go:55.2,58.16 3 24
app/manager/controllers/advisory_systems.go:61.2,61.17 1 24
app/manager/controllers/advisory_systems.go:66.2,68.16 3 24
app/manager/controllers/advisory_systems.go:71.2,73.16 3 23
app/manager/controllers/advisory_systems.go:77.2,79.50 2 20
app/manager/controllers/advisory_systems.go:84.2,90.30 3 20
app/manager/controllers/advisory_systems.go:50.24,53.3 2 0
app/manager/controllers/advisory_systems.go:58.16,60.3 1 0
app/manager/controllers/advisory_systems.go:61.17,64.3 2 0
app/manager/controllers/advisory_systems.go:68.16,70.3 1 1
app/manager/controllers/advisory_systems.go:73.16,75.3 1 3
app/manager/controllers/advisory_systems.go:79.50,82.3 2 0
app/manager/controllers/advisory_systems.go:93.60,102.2 2 24
app/manager/controllers/advisory_systems.go:104.70,106.32 2 20
app/manager/controllers/advisory_systems.go:114.2,114.13 1 20
app/manager/controllers/advisory_systems.go:106.32,113.3 2 103
app/manager/controllers/systems_export.go:32.43,36.16 4 7
app/manager/controllers/systems_export.go:40.2,44.16 4 6
app/manager/controllers/systems_export.go:48.2,49.16 2 6
app/manager/controllers/systems_export.go:54.2,56.28 2 6
app/manager/controllers/systems_export.go:60.2,61.50 2 6
app/manager/controllers/systems_export.go:36.16,38.3 1 1
app/manager/controllers/systems_export.go:44.16,46.3 1 0
app/manager/controllers/systems_export.go:49.16,52.3 2 0
app/manager/controllers/systems_export.go:56.28,58.3 1 28
app/manager/controllers/systems_export.go:61.50,63.3 1 3
app/manager/controllers/systems_export.go:63.8,63.49 1 3
app/manager/controllers/systems_export.go:63.49,65.3 1 2
app/manager/controllers/systems_export.go:65.8,68.3 1 1
app/manager/controllers/test_utils.go:9.68,12.2 2 118
app/manager/controllers/advisories.go:70.44,74.39 3 25
app/manager/controllers/advisories.go:84.2,85.16 2 24
app/manager/controllers/advisories.go:90.2,92.16 3 21
app/manager/controllers/advisories.go:96.2,102.30 3 21
app/manager/controllers/advisories.go:74.39,77.17 3 2
app/manager/controllers/advisories.go:77.17,79.4 1 1
app/manager/controllers/advisories.go:80.8,82.3 1 23
app/manager/controllers/advisories.go:85.16,88.3 1 3
app/manager/controllers/advisories.go:92.16,94.3 1 0
app/manager/controllers/advisories.go:105.49,111.2 2 27
app/manager/controllers/advisories.go:114.58,121.2 2 3
app/manager/controllers/advisories.go:123.80,126.16 3 3
app/manager/controllers/advisories.go:130.2,134.19 2 1
app/manager/controllers/advisories.go:126.16,128.3 1 2
app/manager/controllers/advisories.go:137.74,139.39 2 21
app/manager/controllers/advisories.go:150.2,150.13 1 21
app/manager/controllers/advisories.go:139.39,149.3 2 123
app/manager/controllers/package_detail.go:11.50,16.16 3 4
app/manager/controllers/package_detail.go:19.2,19.30 1 4
app/manager/controllers/package_detail.go:16.16,18.3 1 0
app/manager/controllers/package_detail.go:42.63,43.38 1 2
app/manager/controllers/package_detail.go:48.2,51.16 4 1
app/manager/controllers/package_detail.go:56.2,64.4 2 1
app/manager/controllers/package_detail.go:43.38,46.3 2 1
app/manager/controllers/package_detail.go:51.16,54.3 2 0
app/manager/controllers/package_detail.go:67.61,68.37 1 2
app/manager/controllers/package_detail.go:73.2,76.16 4 2
app/manager/controllers/package_detail.go:81.2,87.4 1 1
app/manager/controllers/package_detail.go:68.37,71.3 2 0
app/manager/controllers/package_detail.go:76.16,79.3 2 1
app/manager/controllers/package_detail.go:99.43,101.21 2 5
app/manager/controllers/package_detail.go:106.2,107.16 2 4
app/manager/controllers/package_detail.go:101.21,104.3 2 1
app/manager/controllers/package_detail.go:107.16,109.3 1 2
app/manager/controllers/package_detail.go:109.8,111.3 1 2
app/manager/controllers/package_systems.go:36.51,40.2 1 3
app/manager/controllers/package_systems.go:42.62,49.2 2 3
app/manager/controllers/package_systems.go:65.48,69.23 3 3
app/manager/controllers/package_systems.go:74.2,75.90 2 3
app/manager/controllers/package_systems.go:80.2,82.16 3 3
app/manager/controllers/package_systems.go:85.2,86.16 2 2
app/manager/controllers/package_systems.go:90.2,92.16 3 1
app/manager/controllers/package_systems.go:97.2,101.4 1 1
app/manager/controllers/package_systems.go:69.23,72.3 2 0
app/manager/controllers/package_systems.go:75.90,78.3 2 0
app/manager/controllers/package_systems.go:82.16,84.3 1 1
app/manager/controllers/package_systems.go:86.16,88.3 1 1
app/manager/controllers/package_systems.go:92.16,95.3 2 0
app/manager/controllers/packages_export.go:29.44,32.16 3 2
app/manager/controllers/packages_export.go:36.2,39.16 3 2
app/manager/controllers/packages_export.go:43.2,44.16 2 2
app/manager/controllers/packages_export.go:49.2,50.50 2 2
app/manager/controllers/packages_export.go:32.16,34.3 1 0
app/manager/controllers/packages_export.go:39.16,41.3 1 0
app/manager/controllers/packages_export.go:44.16,47.3 2 0
app/manager/controllers/packages_export.go:50.50,52.3 1 1
app/manager/controllers/packages_export.go:52.8,52.49 1 1
app/manager/controllers/packages_export.go:52.49,54.3 1 1
app/manager/controllers/packages_export.go:54.8,57.3 1 0
app/manager/controllers/paging.go:7.86,10.36 2 79
app/manager/controllers/paging.go:16.2,24.14 3 79
app/manager/controllers/paging.go:10.36,11.21 1 316
app/manager/controllers/paging.go:11.21,13.4 1 140
app/manager/controllers/paging.go:35.50,39.2 2 175
app/manager/controllers/paging.go:41.40,43.20 2 83
app/manager/controllers/paging.go:47.2,47.33 1 83
app/manager/controllers/paging.go:43.20,45.3 1 73
app/manager/controllers/paging.go:50.41,51.33 1 83
app/manager/controllers/paging.go:55.2,56.14 2 7
app/manager/controllers/paging.go:51.33,53.3 1 76
app/manager/controllers/paging.go:59.45,60.19 1 83
app/manager/controllers/paging.go:63.2,65.17 3 6
app/manager/controllers/paging.go:68.2,69.14 2 6
app/manager/controllers/paging.go:60.19,62.3 1 77
app/manager/controllers/paging.go:65.17,67.3 1 5
app/manager/controllers/system_advisories.go:71.46,75.23 3 13
app/manager/controllers/system_advisories.go:80.2,84.16 3 13
app/manager/controllers/system_advisories.go:87.2,87.17 1 13
app/manager/controllers/system_advisories.go:92.2,98.16 4 13
app/manager/controllers/system_advisories.go:103.2,105.50 2 10
app/manager/controllers/system_advisories.go:110.2,116.30 3 10
app/manager/controllers/system_advisories.go:75.23,78.3 2 0
app/manager/controllers/system_advisories.go:84.16,86.3 1 0
app/manager/controllers/system_advisories.go:87.17,90.3 2 0
app/manager/controllers/system_advisories.go:98.16,101.3 1 3
app/manager/controllers/system_advisories.go:105.50,108.3 2 0
app/manager/controllers/system_advisories.go:119.88,121.34 2 10
app/manager/controllers/system_advisories.go:129.2,129.13 1 10
app/manager/controllers/system_advisories.go:121.34,128.3 2 68
app/manager/controllers/system_delete.go:22.42,26.23 3 3
app/manager/controllers/system_delete.go:30.2,41.16 5 3
app/manager/controllers/system_delete.go:46.2,46.33 1 3
app/manager/controllers/system_delete.go:51.2,53.24 2 1
app/manager/controllers/system_delete.go:58.2,58.30 1 1
app/manager/controllers/system_delete.go:63.2,63.28 1 1
app/manager/controllers/system_delete.go:26.23,29.3 2 0
app/manager/controllers/system_delete.go:41.16,44.3 2 0
app/manager/controllers/system_delete.go:46.33,49.3 2 2
app/manager/controllers/system_delete.go:53.24,56.3 2 0
app/manager/controllers/system_delete.go:58.30,61.3 2 0
app/manager/controllers/system_delete.go:63.28,65.3 1 1
app/manager/controllers/system_delete.go:65.8,68.3 2 0
app/manager/controllers/system_detail.go:25.42,29.23 3 7
app/manager/controllers/system_detail.go:34.2,41.37 4 6
app/manager/controllers/system_detail.go:46.2,46.16 1 5
app/manager/controllers/system_detail.go:51.2,57.30 2 5
app/manager/controllers/system_detail.go:29.23,32.3 2 1
app/manager/controllers/system_detail.go:41.37,44.3 2 1
app/manager/controllers/system_detail.go:46.16,49.3 2 0
app/manager/controllers/filter.go:19.55,25.13 4 27
app/manager/controllers/filter.go:33.2,38.8 2 27
app/manager/controllers/filter.go:25.13,28.3 2 9
app/manager/controllers/filter.go:28.8,31.3 2 18
app/manager/controllers/filter.go:41.69,42.20 1 68
app/manager/controllers/filter.go:43.17,44.28 1 2
app/manager/controllers/filter.go:45.12,46.14 1 3
app/manager/controllers/filter.go:47.15,48.27 1 3
app/manager/controllers/filter.go:49.10,50.28 1 63
app/manager/controllers/filter.go:55.108,58.29 3 68
app/manager/controllers/filter.go:70.2,70.36 1 68
app/manager/controllers/filter.go:76.2,76.20 1 68
app/manager/controllers/filter.go:58.29,60.13 2 75
app/manager/controllers/filter.go:64.3,65.17 2 75
app/manager/controllers/filter.go:60.13,62.4 1 0
app/manager/controllers/filter.go:65.17,67.4 1 0
app/manager/controllers/filter.go:70.36,73.3 1 0
app/manager/controllers/filter.go:77.12,78.74 1 58
app/manager/controllers/filter.go:79.13,80.75 1 0
app/manager/controllers/filter.go:81.12,82.74 1 3
app/manager/controllers/filter.go:83.12,84.74 1 2
app/manager/controllers/filter.go:85.13,86.75 1 0
app/manager/controllers/filter.go:87.13,88.75 1 0
app/manager/controllers/filter.go:89.17,90.25 1 2
app/manager/controllers/filter.go:93.3,93.86 1 2
app/manager/controllers/filter.go:94.12,95.92 1 3
app/manager/controllers/filter.go:96.15,97.96 1 0
app/manager/controllers/filter.go:98.10,99.89 1 0
app/manager/controllers/filter.go:90.25,92.4 1 0
app/manager/controllers/filter.go:103.41,105.25 2 79
app/manager/controllers/filter.go:109.2,109.33 1 79
app/manager/controllers/filter.go:105.25,108.3 2 46
app/manager/controllers/filter.go:112.80,113.25 1 101
app/manager/controllers/filter.go:120.2,120.16 1 101
app/manager/controllers/filter.go:113.25,115.17 2 57
app/manager/controllers/filter.go:118.3,118.32 1 57
app/manager/controllers/filter.go:115.17,117.4 1 0
app/manager/controllers/status.go:9.29,10.48 1 0
app/manager/controllers/status.go:10.48,12.3 1 0
app/manager/controllers/status.go:12.8,14.3 1 0
app/manager/controllers/advisory_detail.go:48.44,50.24 2 4
app/manager/controllers/advisory_detail.go:55.2,57.37 3 3
app/manager/controllers/advisory_detail.go:62.2,62.16 1 2
app/manager/controllers/advisory_detail.go:67.2,68.16 2 2
app/manager/controllers/advisory_detail.go:73.2,74.16 2 2
app/manager/controllers/advisory_detail.go:79.2,97.30 2 2
app/manager/controllers/advisory_detail.go:50.24,53.3 2 1
app/manager/controllers/advisory_detail.go:57.37,60.3 2 1
app/manager/controllers/advisory_detail.go:62.16,65.3 2 0
app/manager/controllers/advisory_detail.go:68.16,71.3 2 0
app/manager/controllers/advisory_detail.go:74.16,77.3 2 0
app/manager/controllers/advisory_detail.go:100.57,101.18 1 2
app/manager/controllers/advisory_detail.go:105.2,106.16 2 2
app/manager/controllers/advisory_detail.go:110.2,112.16 3 2
app/manager/controllers/advisory_detail.go:115.2,115.18 1 2
app/manager/controllers/advisory_detail.go:101.18,103.3 1 0
app/manager/controllers/advisory_detail.go:106.16,108.3 1 0
app/manager/controllers/advisory_detail.go:112.16,114.3 1 0
app/manager/controllers/advisory_detail.go:118.70,119.18 1 2
app/manager/controllers/advisory_detail.go:123.2,124.16 2 1
app/manager/controllers/advisory_detail.go:128.2,130.16 3 1
app/manager/controllers/advisory_detail.go:133.2,133.22 1 1
app/manager/controllers/advisory_detail.go:119.18,121.3 1 1
app/manager/controllers/advisory_detail.go:124.16,126.3 1 0
app/manager/controllers/advisory_detail.go:130.16,132.3 1 0
app/manager/controllers/packages.go:44.63,52.16 3 9
app/manager/controllers/packages.go:56.2,60.66 1 8
app/manager/controllers/packages.go:52.16,54.3 1 1
app/manager/controllers/packages.go:82.42,86.16 3 7
app/manager/controllers/packages.go:89.2,90.16 2 6
app/manager/controllers/packages.go:94.2,96.16 3 5
app/manager/controllers/packages.go:101.2,105.4 1 5
app/manager/controllers/packages.go:86.16,88.3 1 1
app/manager/controllers/packages.go:90.16,92.3 1 1
app/manager/controllers/packages.go:96.16,99.3 2 0
app/manager/controllers/system_packages.go:48.67,56.2 2 6
app/manager/controllers/system_packages.go:75.44,79.23 3 6
app/manager/controllers/system_packages.go:84.2,87.16 4 6
app/manager/controllers/system_packages.go:91.2,92.37 2 5
app/manager/controllers/system_packages.go:97.2,97.16 1 5
app/manager/controllers/system_packages.go:102.2,107.28 2 5
app/manager/controllers/system_packages.go:117.2,117.23 1 5
app/manager/controllers/system_packages.go:79.23,82.3 2 0
app/manager/controllers/system_packages.go:87.16,89.3 1 1
app/manager/controllers/system_packages.go:92.37,95.3 2 0
app/manager/controllers/system_packages.go:97.16,100.3 2 0
app/manager/controllers/system_packages.go:107.28,109.35 2 9
app/manager/controllers/system_packages.go:112.3,112.90 1 3
app/manager/controllers/system_packages.go:109.35,110.12 1 6
app/manager/controllers/system_packages.go:112.90,113.14 1 0
app/manager/controllers/systems.go:94.41,98.16 4 20
app/manager/controllers/systems.go:101.2,102.16 2 19
app/manager/controllers/systems.go:106.2,108.16 3 17
app/manager/controllers/systems.go:113.2,119.30 3 17
app/manager/controllers/systems.go:98.16,100.3 1 1
app/manager/controllers/systems.go:102.16,104.3 1 2
app/manager/controllers/systems.go:108.16,111.3 2 0
app/manager/controllers/systems.go:122.41,126.2 1 27
app/manager/controllers/systems.go:128.55,130.33 2 17
app/manager/controllers/systems.go:137.2,137.13 1 17
app/manager/controllers/systems.go:130.33,136.3 1 42
app/manager/controllers/systems_advisories_view.go:33.94,42.2 2 2
app/manager/controllers/systems_advisories_view.go:53.44,55.47 2 1
app/manager/controllers/systems_advisories_view.go:58.2,61.44 4 1
app/manager/controllers/systems_advisories_view.go:65.2,69.25 2 1
app/manager/controllers/systems_advisories_view.go:72.2,72.33 1 1
app/manager/controllers/systems_advisories_view.go:55.47,57.3 1 0
app/manager/controllers/systems_advisories_view.go:61.44,63.3 1 0
app/manager/controllers/systems_advisories_view.go:69.25,71.3 1 3
app/manager/controllers/systems_advisories_view.go:84.44,86.47 2 1
app/manager/controllers/systems_advisories_view.go:89.2,92.44 4 1
app/manager/controllers/systems_advisories_view.go:96.2,100.25 2 1
app/manager/controllers/systems_advisories_view.go:103.2,103.33 1 1
app/manager/controllers/systems_advisories_view.go:86.47,88.3 1 0
app/manager/controllers/systems_advisories_view.go:92.44,94.3 1 0
app/manager/controllers/systems_advisories_view.go:100.25,102.3 1 3
app/manager/controllers/utils.go:25.65,28.2 2 0
app/manager/controllers/utils.go:30.63,33.2 2 2
app/manager/controllers/utils.go:35.77,38.2 2 0
app/manager/controllers/utils.go:40.70,43.2 2 21
app/manager/controllers/utils.go:45.68,48.2 2 5
app/manager/controllers/utils.go:52.50,60.28 5 93
app/manager/controllers/utils.go:65.2,65.38 1 93
app/manager/controllers/utils.go:76.2,76.31 1 89
app/manager/controllers/utils.go:60.28,62.3 1 975
app/manager/controllers/utils.go:65.38,66.80 1 94
app/manager/controllers/utils.go:74.3,74.54 1 90
app/manager/controllers/utils.go:66.80,68.4 1 42
app/manager/controllers/utils.go:68.9,68.43 1 52
app/manager/controllers/utils.go:68.43,70.4 1 48
app/manager/controllers/utils.go:70.9,73.4 1 4
app/manager/controllers/utils.go:80.57,84.35 2 101
app/manager/controllers/utils.go:88.2,90.31 2 101
app/manager/controllers/utils.go:107.2,107.21 1 101
app/manager/controllers/utils.go:84.35,86.3 1 46
app/manager/controllers/utils.go:90.31,91.37 1 1060
app/manager/controllers/utils.go:91.37,92.47 1 11
app/manager/controllers/utils.go:92.47,94.19 1 11
app/manager/controllers/utils.go:99.5,99.22 1 11
app/manager/controllers/utils.go:102.5,102.44 1 11
app/manager/controllers/utils.go:94.19,96.6 1 0
app/manager/controllers/utils.go:99.22,100.72 1 0
app/manager/controllers/utils.go:117.85,120.16 3 12
app/manager/controllers/utils.go:124.2,127.16 3 12
app/manager/controllers/utils.go:131.2,131.16 1 12
app/manager/controllers/utils.go:120.16,123.3 2 0
app/manager/controllers/utils.go:127.16,130.3 2 0
app/manager/controllers/utils.go:134.52,137.25 3 79
app/manager/controllers/utils.go:140.2,140.38 1 79
app/manager/controllers/utils.go:137.25,139.3 1 13
app/manager/controllers/utils.go:145.38,147.16 2 93
app/manager/controllers/utils.go:151.2,154.16 3 93
app/manager/controllers/utils.go:158.2,159.25 2 89
app/manager/controllers/utils.go:163.2,166.16 3 89
app/manager/controllers/utils.go:171.2,172.16 2 89
app/manager/controllers/utils.go:177.2,179.16 3 89
app/manager/controllers/utils.go:184.2,184.20 1 89
app/manager/controllers/utils.go:190.2,204.17 5 79
app/manager/controllers/utils.go:207.2,208.31 2 79
app/manager/controllers/utils.go:147.16,150.3 2 0
app/manager/controllers/utils.go:154.16,157.3 2 4
app/manager/controllers/utils.go:159.25,161.3 1 89
app/manager/controllers/utils.go:166.16,169.3 2 0
app/manager/controllers/utils.go:172.16,175.3 2 0
app/manager/controllers/utils.go:179.16,182.3 2 0
app/manager/controllers/utils.go:184.20,188.3 3 10
app/manager/controllers/utils.go:204.17,206.3 1 78
app/manager/controllers/utils.go:211.91,213.18 2 105
app/manager/controllers/utils.go:217.2,217.29 1 7
app/manager/controllers/utils.go:221.2,224.55 4 7
app/manager/controllers/utils.go:213.18,215.3 1 98
app/manager/controllers/utils.go:217.29,219.3 1 0
app/manager/controllers/utils.go:233.35,234.22 1 30
app/manager/controllers/utils.go:237.2,238.35 2 30
app/manager/controllers/utils.go:243.2,244.20 2 30
app/manager/controllers/utils.go:249.2,249.16 1 30
app/manager/controllers/utils.go:234.22,236.3 1 0
app/manager/controllers/utils.go:238.35,240.3 1 3
app/manager/controllers/utils.go:244.20,245.49 1 0
app/manager/controllers/utils.go:245.49,247.4 1 0
app/manager/controllers/utils.go:252.41,254.22 2 28
app/manager/controllers/utils.go:259.2,261.43 2 21
app/manager/controllers/utils.go:266.2,268.22 2 21
app/manager/controllers/utils.go:273.2,273.18 1 21
app/manager/controllers/utils.go:254.22,258.3 2 7
app/manager/controllers/utils.go:261.43,263.3 1 0
app/manager/controllers/utils.go:263.8,265.3 1 21
app/manager/controllers/utils.go:268.22,270.3 1 1
app/manager/controllers/utils.go:270.8,272.3 1 20
app/manager/controllers/utils.go:276.46,278.24 2 21
app/manager/controllers/utils.go:282.2,283.20 2 21
app/manager/controllers/utils.go:287.2,288.46 2 21
app/manager/controllers/utils.go:278.24,280.3 1 21
app/manager/controllers/utils.go:283.20,285.3 1 20
app/manager/controllers/utils.go:292.96,293.22 1 66
app/manager/controllers/utils.go:296.2,303.25 4 66
app/manager/controllers/utils.go:314.2,315.19 2 59
app/manager/controllers/utils.go:330.2,330.14 1 59
app/manager/controllers/utils.go:333.2,333.91 1 13
app/manager/controllers/utils.go:293.22,295.3 1 0
app/manager/controllers/utils.go:303.25,305.17 2 28
app/manager/controllers/utils.go:309.3,310.17 2 21
app/manager/controllers/utils.go:305.17,308.4 2 7
app/manager/controllers/utils.go:315.19,316.48 1 5
app/manager/controllers/utils.go:316.48,317.49 1 8
app/manager/controllers/utils.go:321.4,321.47 1 8
app/manager/controllers/utils.go:317.49,320.5 2 4
app/manager/controllers/utils.go:321.47,325.5 3 3
app/manager/controllers/utils.go:330.14,332.3 1 46
app/manager/controllers/utils.go:342.28,342.29 0 0
app/manager/controllers/utils.go:344.88,345.25 1 11
app/manager/controllers/utils.go:345.25,347.3 1 11
app/manager/controllers/utils.go:352.28,352.29 0 0
app/manager/controllers/utils.go:354.88,355.22 1 11
app/manager/controllers/utils.go:355.22,359.26 4 15
app/manager/controllers/utils.go:360.17,361.34 1 5
app/manager/controllers/utils.go:362.17,364.29 1 10
app/manager/controllers/utils.go:364.29,366.5 1 11
app/manager/controllers/utils.go:371.61,375.42 3 1149
app/manager/controllers/utils.go:385.2,385.18 1 1149
app/manager/controllers/utils.go:375.42,376.33 1 1149
app/manager/controllers/utils.go:377.17,379.19 2 1149
app/manager/controllers/utils.go:381.11,382.9 1 0
app/manager/controllers/utils.go:388.50,391.2 2 1149
app/manager/controllers/utils.go:393.58,395.2 1 190
app/manager/controllers/utils.go:397.64,399.26 2 193
app/manager/controllers/utils.go:399.26,400.24 1 62
app/manager/controllers/utils.go:400.24,402.4 1 38
app/manager/controllers/utils.go:402.9,403.30 1 24
app/manager/controllers/utils.go:406.4,406.27 1 24
app/manager/controllers/utils.go:403.30,405.5 1 18
app/manager/controllers/utils.go:411.71,414.34 2 191
app/manager/controllers/utils.go:432.2,432.13 1 191
app/manager/controllers/utils.go:414.34,418.41 4 193
app/manager/controllers/utils.go:430.3,430.33 1 193
app/manager/controllers/utils.go:418.41,419.88 1 225
app/manager/controllers/utils.go:419.88,421.55 1 71
app/manager/controllers/utils.go:421.55,423.33 1 70
app/manager/controllers/utils.go:426.6,426.25 1 70
app/manager/controllers/utils.go:423.33,425.7 1 62
app/manager/controllers/utils.go:435.55,439.16 4 5
app/manager/controllers/utils.go:439.16,440.13 1 0
app/manager/controllers/advisories_export.go:29.46,32.39 3 5
app/manager/controllers/advisories_export.go:42.2,46.16 4 4
app/manager/controllers/advisories_export.go:51.2,52.16 2 4
app/manager/controllers/advisories_export.go:57.2,59.31 2 4
app/manager/controllers/advisories_export.go:62.2,63.50 2 4
app/manager/controllers/advisories_export.go:32.39,35.17 3 1
app/manager/controllers/advisories_export.go:35.17,37.4 1 1
app/manager/controllers/advisories_export.go:38.8,40.3 1 4
app/manager/controllers/advisories_export.go:46.16,49.3 1 0
app/manager/controllers/advisories_export.go:52.16,55.3 2 0
app/manager/controllers/advisories_export.go:59.31,61.3 1 25
app/manager/controllers/advisories_export.go:63.50,65.3 1 1
app/manager/controllers/advisories_export.go:65.8,65.49 1 3
app/manager/controllers/advisories_export.go:65.49,67.3 1 2
app/manager/controllers/advisories_export.go:67.8,70.3 1 1
app/manager/middlewares/logger.go:14.46,15.30 1 0
app/manager/middlewares/logger.go:15.30,30.34 6 0
app/manager/middlewares/logger.go:34.3,34.57 1 0
app/manager/middlewares/logger.go:30.34,32.4 1 0
app/manager/middlewares/logger.go:34.57,36.4 1 0
app/manager/middlewares/logger.go:36.9,38.4 1 0
app/manager/middlewares/prometheus.go:17.45,23.2 4 0
app/manager/middlewares/prometheus.go:25.65,26.58 1 0
app/manager/middlewares/prometheus.go:26.58,28.30 2 0
app/manager/middlewares/prometheus.go:31.3,31.13 1 0
app/manager/middlewares/prometheus.go:28.30,30.4 1 0
app/manager/middlewares/rbac.go:13.50,22.2 6 4
app/manager/middlewares/rbac.go:29.48,34.35 3 4
app/manager/middlewares/rbac.go:38.2,38.16 1 4
app/manager/middlewares/rbac.go:48.2,49.32 2 4
app/manager/middlewares/rbac.go:61.2,61.14 1 4
app/manager/middlewares/rbac.go:34.35,36.3 1 4
app/manager/middlewares/rbac.go:38.16,41.17 3 0
app/manager/middlewares/rbac.go:44.3,45.46 2 0
app/manager/middlewares/rbac.go:41.17,43.4 1 0
app/manager/middlewares/rbac.go:49.32,50.23 1 4
app/manager/middlewares/rbac.go:51.38,53.22 2 0
app/manager/middlewares/rbac.go:54.44,55.21 1 4
app/manager/middlewares/rbac.go:56.46,57.22 1 0
app/manager/middlewares/rbac.go:58.11,58.11 0 0
app/manager/middlewares/rbac.go:64.29,66.22 2 4
app/manager/middlewares/rbac.go:70.2,70.30 1 4
app/manager/middlewares/rbac.go:66.22,67.31 1 0
app/manager/middlewares/rbac.go:67.32,67.33 0 0
app/manager/middlewares/rbac.go:70.30,73.27 2 4
app/manager/middlewares/rbac.go:83.3,84.76 1 2
app/manager/middlewares/rbac.go:74.22,75.25 1 2
app/manager/middlewares/rbac.go:78.17,79.26 1 1
app/manager/middlewares/rbac.go:75.25,77.5 1 2
app/manager/middlewares/rbac.go:79.26,81.5 1 0
app/manager/middlewares/swagger.go:12.34,18.2 3 0
app/manager/middlewares/authentication.go:21.68,25.67 3 0
app/manager/middlewares/authentication.go:36.2,36.13 1 0
app/manager/middlewares/authentication.go:25.67,27.3 1 0
app/manager/middlewares/authentication.go:27.8,29.96 2 0
app/manager/middlewares/authentication.go:33.3,34.28 2 0
app/manager/middlewares/authentication.go:29.96,32.4 2 0
app/manager/middlewares/authentication.go:39.44,41.20 2 0
app/manager/middlewares/authentication.go:45.2,45.30 1 0
app/manager/middlewares/authentication.go:41.20,44.3 2 0
app/manager/middlewares/authentication.go:48.44,49.30 1 0
app/manager/middlewares/authentication.go:49.30,51.21 2 0
app/manager/middlewares/authentication.go:55.3,58.17 3 0
app/manager/middlewares/authentication.go:62.3,62.28 1 0
app/manager/middlewares/authentication.go:51.21,54.4 2 0
app/manager/middlewares/authentication.go:58.17,61.4 2 0
app/manager/middlewares/authentication.go:62.28,64.4 1 0
app/manager/middlewares/authentication.go:68.46,69.30 1 0
app/manager/middlewares/authentication.go:69.30,71.21 2 0
app/manager/middlewares/authentication.go:75.3,78.63 3 0
app/manager/middlewares/authentication.go:71.21,74.4 2 0
app/manager/middlewares/authentication.go:78.63,81.4 2 0
app/manager/middlewares/authentication.go:85.53,86.30 1 0
app/manager/middlewares/authentication.go:86.30,90.3 3 0
app/vmaas_sync/repo_based.go:14.64,16.16 2 2
app/vmaas_sync/repo_based.go:20.2,21.16 2 2
app/vmaas_sync/repo_based.go:25.2,26.16 2 2
app/vmaas_sync/repo_based.go:30.2,32.27 2 2
app/vmaas_sync/repo_based.go:16.16,18.3 1 0
app/vmaas_sync/repo_based.go:21.16,23.3 1 0
app/vmaas_sync/repo_based.go:26.16,28.3 1 0
app/vmaas_sync/repo_based.go:35.52,40.16 3 5
app/vmaas_sync/repo_based.go:44.2,44.26 1 5
app/vmaas_sync/repo_based.go:48.2,48.27 1 5
app/vmaas_sync/repo_based.go:40.16,42.3 1 0
app/vmaas_sync/repo_based.go:44.26,46.3 1 0
app/vmaas_sync/repo_based.go:51.51,54.16 3 3
app/vmaas_sync/repo_based.go:54.16,56.3 1 0
app/vmaas_sync/repo_based.go:59.57,63.2 2 6
app/vmaas_sync/repo_based.go:70.71,72.21 2 4
app/vmaas_sync/repo_based.go:76.2,83.16 2 3
app/vmaas_sync/repo_based.go:86.2,86.17 1 3
app/vmaas_sync/repo_based.go:72.21,74.3 1 1
app/vmaas_sync/repo_based.go:83.16,85.3 1 0
app/vmaas_sync/repo_based.go:90.66,93.6 3 3
app/vmaas_sync/repo_based.go:130.2,131.22 2 3
app/vmaas_sync/repo_based.go:93.6,100.27 2 3
app/vmaas_sync/repo_based.go:104.3,109.17 3 3
app/vmaas_sync/repo_based.go:112.3,114.23 2 3
app/vmaas_sync/repo_based.go:119.3,120.42 2 3
app/vmaas_sync/repo_based.go:124.3,124.26 1 3
app/vmaas_sync/repo_based.go:127.3,127.9 1 0
app/vmaas_sync/repo_based.go:100.27,102.4 1 3
app/vmaas_sync/repo_based.go:109.17,111.4 1 0
app/vmaas_sync/repo_based.go:114.23,116.9 2 0
app/vmaas_sync/repo_based.go:120.42,122.4 1 9
app/vmaas_sync/repo_based.go:124.26,125.9 1 3
app/vmaas_sync/send_messages.go:15.39,16.31 1 1
app/vmaas_sync/send_messages.go:21.2,24.28 3 1
app/vmaas_sync/send_messages.go:29.2,29.16 1 1
app/vmaas_sync/send_messages.go:33.2,33.53 1 1
app/vmaas_sync/send_messages.go:40.2,41.12 2 1
app/vmaas_sync/send_messages.go:16.31,19.3 2 0
app/vmaas_sync/send_messages.go:24.28,26.3 1 1
app/vmaas_sync/send_messages.go:26.8,28.3 1 0
app/vmaas_sync/send_messages.go:29.16,31.3 1 0
app/vmaas_sync/send_messages.go:33.53,35.31 2 1
app/vmaas_sync/send_messages.go:38.3,38.54 1 1
app/vmaas_sync/send_messages.go:35.31,37.4 1 1
app/vmaas_sync/send_messages.go:44.51,50.16 3 0
app/vmaas_sync/send_messages.go:53.2,53.27 1 0
app/vmaas_sync/send_messages.go:50.16,52.3 1 0
app/vmaas_sync/send_messages.go:56.71,64.36 5 1
app/vmaas_sync/send_messages.go:72.2,73.16 2 1
app/vmaas_sync/send_messages.go:64.36,70.3 1 2
app/vmaas_sync/send_messages.go:73.16,75.3 1 0
app/vmaas_sync/system_culling.go:13.47,16.31 3 0
app/vmaas_sync/system_culling.go:19.2,19.49 1 0
app/vmaas_sync/system_culling.go:16.31,18.3 1 0
app/vmaas_sync/system_culling.go:22.25,27.6 3 0
app/vmaas_sync/system_culling.go:27.6,30.41 2 0
app/vmaas_sync/system_culling.go:53.3,53.17 1 0
app/vmaas_sync/system_culling.go:30.41,31.32 1 0
app/vmaas_sync/system_culling.go:40.4,40.27 1 0
app/vmaas_sync/system_culling.go:50.4,50.14 1 0
app/vmaas_sync/system_culling.go:31.32,33.19 2 0
app/vmaas_sync/system_culling.go:36.5,37.51 2 0
app/vmaas_sync/system_culling.go:33.19,35.6 1 0
app/vmaas_sync/system_culling.go:40.27,43.19 2 0
app/vmaas_sync/system_culling.go:46.5,47.48 2 0
app/vmaas_sync/system_culling.go:43.19,45.6 1 0
app/vmaas_sync/system_culling.go:53.17,55.4 1 0
app/vmaas_sync/system_culling.go:55.9,57.4 1 0
app/vmaas_sync/system_culling.go:61.83,65.26 3 2
app/vmaas_sync/system_culling.go:69.2,69.22 1 2
app/vmaas_sync/system_culling.go:65.26,67.3 1 2
app/vmaas_sync/system_culling.go:72.78,76.25 3 3
app/vmaas_sync/system_culling.go:80.2,80.21 1 3
app/vmaas_sync/system_culling.go:76.25,78.3 1 3
app/vmaas_sync/vmaas_sync.go:31.18,54.2 17 4
app/vmaas_sync/vmaas_sync.go:58.64,62.16 3 0
app/vmaas_sync/vmaas_sync.go:67.2,67.6 1 0
app/vmaas_sync/vmaas_sync.go:62.16,65.3 2 0
app/vmaas_sync/vmaas_sync.go:67.6,69.17 2 0
app/vmaas_sync/vmaas_sync.go:74.3,76.69 2 0
app/vmaas_sync/vmaas_sync.go:86.3,86.35 1 0
app/vmaas_sync/vmaas_sync.go:96.3,96.36 1 0
app/vmaas_sync/vmaas_sync.go:100.3,100.57 1 0
app/vmaas_sync/vmaas_sync.go:69.17,73.4 3 0
app/vmaas_sync/vmaas_sync.go:76.69,78.18 2 0
app/vmaas_sync/vmaas_sync.go:82.4,83.12 2 0
app/vmaas_sync/vmaas_sync.go:78.18,81.5 2 0
app/vmaas_sync/vmaas_sync.go:86.35,88.18 2 0
app/vmaas_sync/vmaas_sync.go:92.4,93.12 2 0
app/vmaas_sync/vmaas_sync.go:88.18,91.5 2 0
app/vmaas_sync/vmaas_sync.go:96.36,99.4 2 0
app/vmaas_sync/vmaas_sync.go:104.61,108.33 3 1
app/vmaas_sync/vmaas_sync.go:120.2,120.12 1 1
app/vmaas_sync/vmaas_sync.go:108.33,110.17 2 1
app/vmaas_sync/vmaas_sync.go:115.3,116.17 2 1
app/vmaas_sync/vmaas_sync.go:110.17,113.4 1 0
app/vmaas_sync/vmaas_sync.go:116.17,118.4 1 0
app/vmaas_sync/vmaas_sync.go:123.37,124.12 1 1
app/vmaas_sync/vmaas_sync.go:124.12,128.3 3 1
app/vmaas_sync/vmaas_sync.go:131.20,134.2 2 0
app/vmaas_sync/vmaas_sync.go:136.34,137.23 1 0
app/vmaas_sync/vmaas_sync.go:144.2,144.25 1 0
app/vmaas_sync/vmaas_sync.go:137.23,139.17 2 0
app/vmaas_sync/vmaas_sync.go:139.17,141.4 1 0
app/vmaas_sync/vmaas_sync.go:144.25,146.17 2 0
app/vmaas_sync/vmaas_sync.go:146.17,148.4 1 0
app/vmaas_sync/vmaas_sync.go:152.21,165.6 7 0
app/vmaas_sync/vmaas_sync.go:165.6,168.17 2 0
app/vmaas_sync/vmaas_sync.go:172.3,173.17 2 0
app/vmaas_sync/vmaas_sync.go:176.3,176.30 1 0
app/vmaas_sync/vmaas_sync.go:168.17,170.4 1 0
app/vmaas_sync/vmaas_sync.go:173.17,175.4 1 0
app/vmaas_sync/admin_api.go:12.20,23.16 7 0
app/vmaas_sync/admin_api.go:23.16,25.13 2 0
app/vmaas_sync/admin_api.go:29.27,32.16 3 0
app/vmaas_sync/admin_api.go:37.2,38.29 2 0
app/vmaas_sync/admin_api.go:32.16,36.3 3 0
app/vmaas_sync/admin_api.go:41.29,44.16 3 0
app/vmaas_sync/admin_api.go:49.2,50.29 2 0
app/vmaas_sync/admin_api.go:44.16,48.3 3 0
app/vmaas_sync/admin_api.go:53.34,55.16 2 0
app/vmaas_sync/admin_api.go:61.2,61.12 1 0
app/vmaas_sync/admin_api.go:67.2,67.43 1 0
app/vmaas_sync/admin_api.go:55.16,59.3 3 0
app/vmaas_sync/admin_api.go:61.12,65.3 3 0
app/vmaas_sync/metrics_db.go:27.24,31.2 3 0
app/vmaas_sync/metrics_db.go:40.68,41.29 1 0
app/vmaas_sync/metrics_db.go:41.29,43.3 1 0
app/vmaas_sync/metrics_db.go:46.77,47.29 1 0
app/vmaas_sync/metrics_db.go:47.29,49.3 1 0
app/vmaas_sync/metrics_db.go:52.33,57.16 3 1
app/vmaas_sync/metrics_db.go:60.2,60.19 1 1
app/vmaas_sync/metrics_db.go:57.16,59.3 1 0
app/vmaas_sync/metrics_db.go:63.35,69.16 4 1
app/vmaas_sync/metrics_db.go:73.2,73.15 1 1
app/vmaas_sync/metrics_db.go:69.16,71.3 1 0
app/vmaas_sync/metrics_db.go:76.40,81.16 3 1
app/vmaas_sync/metrics_db.go:85.2,85.22 1 1
app/vmaas_sync/metrics_db.go:81.16,83.3 1 0
app/vmaas_sync/pkg_sync.go:17.86,26.16 5 4
app/vmaas_sync/pkg_sync.go:30.2,32.16 3 4
app/vmaas_sync/pkg_sync.go:36.2,37.16 2 4
app/vmaas_sync/pkg_sync.go:40.2,40.83 1 4
app/vmaas_sync/pkg_sync.go:43.2,43.78 1 4
app/vmaas_sync/pkg_sync.go:46.2,46.12 1 4
app/vmaas_sync/pkg_sync.go:26.16,28.3 1 0
app/vmaas_sync/pkg_sync.go:32.16,34.3 1 0
app/vmaas_sync/pkg_sync.go:37.16,39.3 1 0
app/vmaas_sync/pkg_sync.go:40.83,42.3 1 0
app/vmaas_sync/pkg_sync.go:43.78,45.3 1 0
app/vmaas_sync/pkg_sync.go:50.60,55.32 3 4
app/vmaas_sync/pkg_sync.go:64.2,66.25 3 4
app/vmaas_sync/pkg_sync.go:71.2,73.16 3 4
app/vmaas_sync/pkg_sync.go:77.2,78.16 2 4
app/vmaas_sync/pkg_sync.go:81.2,82.29 2 4
app/vmaas_sync/pkg_sync.go:85.2,85.31 1 4
app/vmaas_sync/pkg_sync.go:55.32,57.17 2 16
app/vmaas_sync/pkg_sync.go:61.3,62.27 2 16
app/vmaas_sync/pkg_sync.go:57.17,59.12 2 0
app/vmaas_sync/pkg_sync.go:66.25,69.3 2 8
app/vmaas_sync/pkg_sync.go:73.16,75.3 1 0
app/vmaas_sync/pkg_sync.go:78.16,80.3 1 0
app/vmaas_sync/pkg_sync.go:82.29,84.3 1 8
app/vmaas_sync/pkg_sync.go:88.101,90.25 2 4
app/vmaas_sync/pkg_sync.go:95.2,96.32 2 4
app/vmaas_sync/pkg_sync.go:104.2,105.57 2 4
app/vmaas_sync/pkg_sync.go:90.25,93.3 2 16
app/vmaas_sync/pkg_sync.go:96.32,102.3 3 16
app/vmaas_sync/pkg_sync.go:115.64,121.26 5 4
app/vmaas_sync/pkg_sync.go:126.2,136.16 3 4
app/vmaas_sync/pkg_sync.go:139.2,141.32 2 4
app/vmaas_sync/pkg_sync.go:145.2,145.32 1 4
app/vmaas_sync/pkg_sync.go:170.2,170.59 1 4
app/vmaas_sync/pkg_sync.go:174.2,175.57 2 4
app/vmaas_sync/pkg_sync.go:121.26,124.3 2 16
app/vmaas_sync/pkg_sync.go:136.16,138.3 1 0
app/vmaas_sync/pkg_sync.go:141.32,143.3 1 4
app/vmaas_sync/pkg_sync.go:145.32,149.41 3 16
app/vmaas_sync/pkg_sync.go:154.3,162.73 2 12
app/vmaas_sync/pkg_sync.go:149.41,151.12 2 4
app/vmaas_sync/pkg_sync.go:162.73,165.4 2 0
app/vmaas_sync/pkg_sync.go:165.9,167.4 1 12
app/vmaas_sync/pkg_sync.go:170.59,172.3 1 0
app/vmaas_sync/advisory_sync.go:18.49,23.16 4 7
app/vmaas_sync/advisory_sync.go:27.2,27.37 1 7
app/vmaas_sync/advisory_sync.go:30.2,30.27 1 7
app/vmaas_sync/advisory_sync.go:23.16,25.3 1 0
app/vmaas_sync/advisory_sync.go:27.37,29.3 1 28
app/vmaas_sync/advisory_sync.go:33.54,38.16 4 7
app/vmaas_sync/advisory_sync.go:42.2,42.34 1 7
app/vmaas_sync/advisory_sync.go:45.2,45.24 1 7
app/vmaas_sync/advisory_sync.go:38.16,40.3 1 0
app/vmaas_sync/advisory_sync.go:42.34,44.3 1 28
app/vmaas_sync/advisory_sync.go:49.108,53.16 3 7
app/vmaas_sync/advisory_sync.go:56.2,57.16 2 7
app/vmaas_sync/advisory_sync.go:61.2,61.25 1 7
app/vmaas_sync/advisory_sync.go:120.2,120.24 1 7
app/vmaas_sync/advisory_sync.go:53.16,55.3 1 0
app/vmaas_sync/advisory_sync.go:57.16,59.3 1 0
app/vmaas_sync/advisory_sync.go:61.25,64.17 2 17
app/vmaas_sync/advisory_sync.go:68.3,69.17 2 17
app/vmaas_sync/advisory_sync.go:74.3,74.45 1 17
app/vmaas_sync/advisory_sync.go:78.3,79.24 2 17
app/vmaas_sync/advisory_sync.go:84.3,86.35 2 17
app/vmaas_sync/advisory_sync.go:93.3,94.17 2 17
app/vmaas_sync/advisory_sync.go:98.3,99.17 2 17
app/vmaas_sync/advisory_sync.go:103.3,118.44 2 17
app/vmaas_sync/advisory_sync.go:64.17,66.12 2 0
app/vmaas_sync/advisory_sync.go:69.17,71.12 2 0
app/vmaas_sync/advisory_sync.go:74.45,76.12 2 0
app/vmaas_sync/advisory_sync.go:79.24,80.64 1 4
app/vmaas_sync/advisory_sync.go:80.64,82.5 1 0
app/vmaas_sync/advisory_sync.go:86.35,88.18 2 12
app/vmaas_sync/advisory_sync.go:91.4,91.45 1 12
app/vmaas_sync/advisory_sync.go:88.18,90.5 1 0
app/vmaas_sync/advisory_sync.go:94.17,96.4 1 0
app/vmaas_sync/advisory_sync.go:99.17,101.4 1 0
app/vmaas_sync/advisory_sync.go:123.94,125.16 2 6
app/vmaas_sync/advisory_sync.go:129.2,129.47 1 6
app/vmaas_sync/advisory_sync.go:133.2,137.16 3 6
app/vmaas_sync/advisory_sync.go:141.2,142.31 2 6
app/vmaas_sync/advisory_sync.go:145.2,145.25 1 6
app/vmaas_sync/advisory_sync.go:125.16,127.3 1 0
app/vmaas_sync/advisory_sync.go:129.47,131.3 1 0
app/vmaas_sync/advisory_sync.go:137.16,139.3 1 0
app/vmaas_sync/advisory_sync.go:142.31,144.3 1 16
app/vmaas_sync/advisory_sync.go:149.29,153.24 3 2
app/vmaas_sync/advisory_sync.go:157.2,160.28 3 2
app/vmaas_sync/advisory_sync.go:219.2,220.12 2 2
app/vmaas_sync/advisory_sync.go:153.24,154.31 1 0
app/vmaas_sync/advisory_sync.go:160.28,171.17 3 4
app/vmaas_sync/advisory_sync.go:175.3,183.17 6 4
app/vmaas_sync/advisory_sync.go:187.3,192.46 4 4
app/vmaas_sync/advisory_sync.go:207.3,207.25 1 4
app/vmaas_sync/advisory_sync.go:171.17,174.4 2 0
app/vmaas_sync/advisory_sync.go:183.17,186.4 2 0
app/vmaas_sync/advisory_sync.go:192.46,193.37 1 12
app/vmaas_sync/advisory_sync.go:196.4,196.42 1 12
app/vmaas_sync/advisory_sync.go:193.37,194.13 1 0
app/vmaas_sync/advisory_sync.go:196.42,198.19 2 12
app/vmaas_sync/advisory_sync.go:202.5,203.50 2 12
app/vmaas_sync/advisory_sync.go:198.19,199.14 1 0
app/vmaas_sync/advisory_sync.go:207.25,211.18 4 4
app/vmaas_sync/advisory_sync.go:215.4,216.41 2 4
app/vmaas_sync/advisory_sync.go:211.18,214.5 2 0
app/vmaas_sync/metrics.go:110.19,123.16 7 0
app/vmaas_sync/metrics.go:123.16,125.13 2 0
app/vmaas_sync/metrics.go:129.35,133.6 3 0
app/vmaas_sync/metrics.go:133.6,136.3 2 0
app/vmaas_sync/metrics.go:139.15,145.24 5 0
app/vmaas_sync/metrics.go:145.24,148.3 2 0
app/vmaas_sync/metrics.go:151.28,153.16 2 0
app/vmaas_sync/metrics.go:158.2,158.36 1 0
app/vmaas_sync/metrics.go:153.16,156.3 2 0
app/vmaas_sync/metrics.go:158.36,160.3 1 0
app/vmaas_sync/metrics.go:170.75,175.38 5 1
app/vmaas_sync/metrics.go:188.2,188.20 1 1
app/vmaas_sync/metrics.go:175.38,177.54 2 2
app/vmaas_sync/metrics.go:177.54,181.18 4 8
app/vmaas_sync/metrics.go:185.4,185.60 1 8
app/vmaas_sync/metrics.go:181.18,184.5 1 0
app/vmaas_sync/metrics.go:192.74,194.2 1 4
app/vmaas_sync/metrics.go:198.101,199.20 1 13
app/vmaas_sync/metrics.go:202.2,202.21 1 3
app/vmaas_sync/metrics.go:199.20,201.3 1 10
app/vmaas_sync/metrics.go:205.30,207.16 2 0
app/vmaas_sync/metrics.go:210.2,213.61 4 0
app/vmaas_sync/metrics.go:207.16,209.3 1 0
app/vmaas_sync/metrics.go:216.66,219.16 3 1
app/vmaas_sync/metrics.go:223.2,224.16 2 1
app/vmaas_sync/metrics.go:228.2,229.16 2 1
app/vmaas_sync/metrics.go:233.2,234.16 2 1
app/vmaas_sync/metrics.go:237.2,237.36 1 1
app/vmaas_sync/metrics.go:219.16,221.3 1 0
app/vmaas_sync/metrics.go:224.16,226.3 1 0
app/vmaas_sync/metrics.go:229.16,231.3 1 0
app/vmaas_sync/metrics.go:234.16,236.3 1 0
app/vmaas_sync/metrics.go:240.36,242.16 2 0
app/vmaas_sync/metrics.go:246.2,249.77 4 0
app/vmaas_sync/metrics.go:242.16,245.3 2 0
app/vmaas_sync/metrics.go:259.71,264.16 2 1
app/vmaas_sync/metrics.go:267.2,267.19 1 1
app/vmaas_sync/metrics.go:264.16,266.3 1 0
app/vmaas_sync/metrics_cyndi.go:43.24,45.16 2 0
app/vmaas_sync/metrics_cyndi.go:49.2,52.88 4 0
app/vmaas_sync/metrics_cyndi.go:45.16,48.3 2 0
app/vmaas_sync/metrics_cyndi.go:55.60,57.16 2 1
app/vmaas_sync/metrics_cyndi.go:62.2,65.16 2 1
app/vmaas_sync/metrics_cyndi.go:70.2,72.16 2 1
app/vmaas_sync/metrics_cyndi.go:77.2,79.16 2 1
app/vmaas_sync/metrics_cyndi.go:84.2,84.19 1 1
app/vmaas_sync/metrics_cyndi.go:57.16,60.3 2 0
app/vmaas_sync/metrics_cyndi.go:65.16,68.3 2 0
app/vmaas_sync/metrics_cyndi.go:72.16,75.3 2 0
app/vmaas_sync/metrics_cyndi.go:79.16,82.3 2 0
app/vmaas_sync/metrics_cyndi.go:87.33,89.16 2 0
app/vmaas_sync/metrics_cyndi.go:94.2,94.36 1 0
app/vmaas_sync/metrics_cyndi.go:89.16,92.3 2 0
app/vmaas_sync/metrics_cyndi.go:94.36,96.3 1 0
app/vmaas_sync/metrics_cyndi.go:99.64,103.53 4 1
app/vmaas_sync/metrics_cyndi.go:113.2,113.20 1 1
app/vmaas_sync/metrics_cyndi.go:103.53,107.17 4 4
app/vmaas_sync/metrics_cyndi.go:111.3,111.33 1 4
app/vmaas_sync/metrics_cyndi.go:107.17,110.4 1 0
app/vmaas_sync/metrics_cyndi.go:116.99,117.20 1 9
app/vmaas_sync/metrics_cyndi.go:120.2,120.21 1 2
app/vmaas_sync/metrics_cyndi.go:117.20,119.3 1 7
